INFO - 2023-12-12 02:21:13 --> Session: Class initialized using 'CodeIgniter\Session\Handlers\FileHandler' driver.
INFO - 2023-12-12 02:21:38 --> Session: Class initialized using 'CodeIgniter\Session\Handlers\FileHandler' driver.
INFO - 2023-12-12 02:21:43 --> Session: Class initialized using 'CodeIgniter\Session\Handlers\FileHandler' driver.
INFO - 2023-12-12 02:27:18 --> Session: Class initialized using 'CodeIgniter\Session\Handlers\FileHandler' driver.
INFO - 2023-12-12 02:27:47 --> Session: Class initialized using 'CodeIgniter\Session\Handlers\FileHandler' driver.
INFO - 2023-12-12 02:28:01 --> Session: Class initialized using 'CodeIgniter\Session\Handlers\FileHandler' driver.
ERROR - 2023-12-12 11:30:42 --> Error connecting to the database: mysqli_sql_exception: No connection could be made because the target machine actively refused it in C:\Users\BATUAH.TECH\Documents\PPKS\PPKS-Politala\system\Database\MySQLi\Connection.php:185
Stack trace:
#0 C:\Users\BATUAH.TECH\Documents\PPKS\PPKS-Politala\system\Database\MySQLi\Connection.php(185): mysqli->real_connect('localhost', 'root', '', 'ppks', 3306, '', 0)
#1 C:\Users\BATUAH.TECH\Documents\PPKS\PPKS-Politala\system\Database\BaseConnection.php(391): CodeIgniter\Database\MySQLi\Connection->connect(false)
#2 C:\Users\BATUAH.TECH\Documents\PPKS\PPKS-Politala\system\Database\BaseConnection.php(574): CodeIgniter\Database\BaseConnection->initialize()
#3 C:\Users\BATUAH.TECH\Documents\PPKS\PPKS-Politala\system\Database\BaseBuilder.php(1615): CodeIgniter\Database\BaseConnection->query('SELECT *\nFROM `...', Array, false)
#4 C:\Users\BATUAH.TECH\Documents\PPKS\PPKS-Politala\app\Models\GaleriModel.php(46): CodeIgniter\Database\BaseBuilder->get()
#5 C:\Users\BATUAH.TECH\Documents\PPKS\PPKS-Politala\app\Controllers\BerandaController.php(30): App\Models\GaleriModel->GetDataGaleriRandom()
#6 C:\Users\BATUAH.TECH\Documents\PPKS\PPKS-Politala\system\CodeIgniter.php(919): App\Controllers\BerandaController->beranda()
#7 C:\Users\BATUAH.TECH\Documents\PPKS\PPKS-Politala\system\CodeIgniter.php(494): CodeIgniter\CodeIgniter->runController(Object(App\Controllers\BerandaController))
#8 C:\Users\BATUAH.TECH\Documents\PPKS\PPKS-Politala\system\CodeIgniter.php(353): CodeIgniter\CodeIgniter->handleRequest(NULL, Object(Config\Cache), false)
#9 C:\Users\BATUAH.TECH\Documents\PPKS\PPKS-Politala\public\index.php(79): CodeIgniter\CodeIgniter->run()
#10 C:\Users\BATUAH.TECH\Documents\PPKS\PPKS-Politala\system\Commands\Server\rewrite.php(47): require_once('C:\\Users\\BATUAH...')
#11 {main}

Next CodeIgniter\Database\Exceptions\DatabaseException: No connection could be made because the target machine actively refused it in C:\Users\BATUAH.TECH\Documents\PPKS\PPKS-Politala\system\Database\MySQLi\Connection.php:229
Stack trace:
#0 C:\Users\BATUAH.TECH\Documents\PPKS\PPKS-Politala\system\Database\BaseConnection.php(391): CodeIgniter\Database\MySQLi\Connection->connect(false)
#1 C:\Users\BATUAH.TECH\Documents\PPKS\PPKS-Politala\system\Database\BaseConnection.php(574): CodeIgniter\Database\BaseConnection->initialize()
#2 C:\Users\BATUAH.TECH\Documents\PPKS\PPKS-Politala\system\Database\BaseBuilder.php(1615): CodeIgniter\Database\BaseConnection->query('SELECT *\nFROM `...', Array, false)
#3 C:\Users\BATUAH.TECH\Documents\PPKS\PPKS-Politala\app\Models\GaleriModel.php(46): CodeIgniter\Database\BaseBuilder->get()
#4 C:\Users\BATUAH.TECH\Documents\PPKS\PPKS-Politala\app\Controllers\BerandaController.php(30): App\Models\GaleriModel->GetDataGaleriRandom()
#5 C:\Users\BATUAH.TECH\Documents\PPKS\PPKS-Politala\system\CodeIgniter.php(919): App\Controllers\BerandaController->beranda()
#6 C:\Users\BATUAH.TECH\Documents\PPKS\PPKS-Politala\system\CodeIgniter.php(494): CodeIgniter\CodeIgniter->runController(Object(App\Controllers\BerandaController))
#7 C:\Users\BATUAH.TECH\Documents\PPKS\PPKS-Politala\system\CodeIgniter.php(353): CodeIgniter\CodeIgniter->handleRequest(NULL, Object(Config\Cache), false)
#8 C:\Users\BATUAH.TECH\Documents\PPKS\PPKS-Politala\public\index.php(79): CodeIgniter\CodeIgniter->run()
#9 C:\Users\BATUAH.TECH\Documents\PPKS\PPKS-Politala\system\Commands\Server\rewrite.php(47): require_once('C:\\Users\\BATUAH...')
#10 {main}
CRITICAL - 2023-12-12 11:30:42 --> Unable to connect to the database.
Main connection [MySQLi]: No connection could be made because the target machine actively refused it
in SYSTEMPATH\Database\BaseConnection.php on line 427.
 1 SYSTEMPATH\Database\BaseConnection.php(574): CodeIgniter\Database\BaseConnection->initialize()
 2 SYSTEMPATH\Database\BaseBuilder.php(1615): CodeIgniter\Database\BaseConnection->query('SELECT *
FROM `galeri`
ORDER BY RAND()
 LIMIT 3', [], false)
 3 APPPATH\Models\GaleriModel.php(46): CodeIgniter\Database\BaseBuilder->get()
 4 APPPATH\Controllers\BerandaController.php(30): App\Models\GaleriModel->GetDataGaleriRandom()
 5 SYSTEMPATH\CodeIgniter.php(919): App\Controllers\BerandaController->beranda()
 6 SYSTEMPATH\CodeIgniter.php(494): CodeIgniter\CodeIgniter->runController(Object(App\Controllers\BerandaController))
 7 SYSTEMPATH\CodeIgniter.php(353): CodeIgniter\CodeIgniter->handleRequest(null, Object(Config\Cache), false)
 8 FCPATH\index.php(79): CodeIgniter\CodeIgniter->run()
 9 SYSTEMPATH\Commands\Server\rewrite.php(47): require_once('C:\\Users\\BATUAH.TECH\\Documents\\PPKS\\PPKS-Politala\\public\\index.php')
INFO - 2023-12-12 11:31:10 --> Session: Class initialized using 'CodeIgniter\Session\Handlers\FileHandler' driver.
CRITICAL - 2023-12-12 11:50:53 --> Undefined variable $profil
in APPPATH\Views\pages\Admin\ManajementProfil.php on line 32.
 1 APPPATH\Views\pages\Admin\ManajementProfil.php(32): CodeIgniter\Debug\Exceptions->errorHandler(2, 'Undefined variable $profil', 'C:\\Users\\BATUAH.TECH\\Documents\\PPKS\\PPKS-Politala\\app\\Views\\pages\\Admin\\ManajementProfil.php', 32)
 2 SYSTEMPATH\View\View.php(226): include('C:\\Users\\BATUAH.TECH\\Documents\\PPKS\\PPKS-Politala\\app\\Views\\pages\\Admin\\ManajementProfil.php')
 3 SYSTEMPATH\View\View.php(229): CodeIgniter\View\View->CodeIgniter\View\{closure}()
 4 SYSTEMPATH\Common.php(1188): CodeIgniter\View\View->render('pages/Admin/ManajementProfil', [], true)
 5 APPPATH\Controllers\ManajementProfil.php(26): view('pages/Admin/ManajementProfil', [...])
 6 SYSTEMPATH\CodeIgniter.php(919): App\Controllers\ManajementProfil->ManajementProfil()
 7 SYSTEMPATH\CodeIgniter.php(494): CodeIgniter\CodeIgniter->runController(Object(App\Controllers\ManajementProfil))
 8 SYSTEMPATH\CodeIgniter.php(353): CodeIgniter\CodeIgniter->handleRequest(null, Object(Config\Cache), false)
 9 FCPATH\index.php(79): CodeIgniter\CodeIgniter->run()
10 SYSTEMPATH\Commands\Server\rewrite.php(47): require_once('C:\\Users\\BATUAH.TECH\\Documents\\PPKS\\PPKS-Politala\\public\\index.php')
CRITICAL - 2023-12-12 11:51:47 --> Undefined array key "alamat"
in APPPATH\Views\pages\Admin\ManajementProfil.php on line 32.
 1 APPPATH\Views\pages\Admin\ManajementProfil.php(32): CodeIgniter\Debug\Exceptions->errorHandler(2, 'Undefined array key "alamat"', 'C:\\Users\\BATUAH.TECH\\Documents\\PPKS\\PPKS-Politala\\app\\Views\\pages\\Admin\\ManajementProfil.php', 32)
 2 SYSTEMPATH\View\View.php(226): include('C:\\Users\\BATUAH.TECH\\Documents\\PPKS\\PPKS-Politala\\app\\Views\\pages\\Admin\\ManajementProfil.php')
 3 SYSTEMPATH\View\View.php(229): CodeIgniter\View\View->CodeIgniter\View\{closure}()
 4 SYSTEMPATH\Common.php(1188): CodeIgniter\View\View->render('pages/Admin/ManajementProfil', [], true)
 5 APPPATH\Controllers\ManajementProfil.php(26): view('pages/Admin/ManajementProfil', [...])
 6 SYSTEMPATH\CodeIgniter.php(919): App\Controllers\ManajementProfil->ManajementProfil()
 7 SYSTEMPATH\CodeIgniter.php(494): CodeIgniter\CodeIgniter->runController(Object(App\Controllers\ManajementProfil))
 8 SYSTEMPATH\CodeIgniter.php(353): CodeIgniter\CodeIgniter->handleRequest(null, Object(Config\Cache), false)
 9 FCPATH\index.php(79): CodeIgniter\CodeIgniter->run()
10 SYSTEMPATH\Commands\Server\rewrite.php(47): require_once('C:\\Users\\BATUAH.TECH\\Documents\\PPKS\\PPKS-Politala\\public\\index.php')
CRITICAL - 2023-12-12 11:52:55 --> Undefined array key "alamat"
in APPPATH\Views\pages\Admin\ManajementProfil.php on line 32.
 1 APPPATH\Views\pages\Admin\ManajementProfil.php(32): CodeIgniter\Debug\Exceptions->errorHandler(2, 'Undefined array key "alamat"', 'C:\\Users\\BATUAH.TECH\\Documents\\PPKS\\PPKS-Politala\\app\\Views\\pages\\Admin\\ManajementProfil.php', 32)
 2 SYSTEMPATH\View\View.php(226): include('C:\\Users\\BATUAH.TECH\\Documents\\PPKS\\PPKS-Politala\\app\\Views\\pages\\Admin\\ManajementProfil.php')
 3 SYSTEMPATH\View\View.php(229): CodeIgniter\View\View->CodeIgniter\View\{closure}()
 4 SYSTEMPATH\Common.php(1188): CodeIgniter\View\View->render('pages/Admin/ManajementProfil', [], true)
 5 APPPATH\Controllers\ManajementProfil.php(26): view('pages/Admin/ManajementProfil', [...])
 6 SYSTEMPATH\CodeIgniter.php(919): App\Controllers\ManajementProfil->ManajementProfil()
 7 SYSTEMPATH\CodeIgniter.php(494): CodeIgniter\CodeIgniter->runController(Object(App\Controllers\ManajementProfil))
 8 SYSTEMPATH\CodeIgniter.php(353): CodeIgniter\CodeIgniter->handleRequest(null, Object(Config\Cache), false)
 9 FCPATH\index.php(79): CodeIgniter\CodeIgniter->run()
10 SYSTEMPATH\Commands\Server\rewrite.php(47): require_once('C:\\Users\\BATUAH.TECH\\Documents\\PPKS\\PPKS-Politala\\public\\index.php')
INFO - 2023-12-12 11:53:01 --> Session: Class initialized using 'CodeIgniter\Session\Handlers\FileHandler' driver.
INFO - 2023-12-12 11:53:03 --> Session: Class initialized using 'CodeIgniter\Session\Handlers\FileHandler' driver.
CRITICAL - 2023-12-12 11:53:04 --> Undefined array key "alamat"
in APPPATH\Views\pages\Admin\ManajementProfil.php on line 32.
 1 APPPATH\Views\pages\Admin\ManajementProfil.php(32): CodeIgniter\Debug\Exceptions->errorHandler(2, 'Undefined array key "alamat"', 'C:\\Users\\BATUAH.TECH\\Documents\\PPKS\\PPKS-Politala\\app\\Views\\pages\\Admin\\ManajementProfil.php', 32)
 2 SYSTEMPATH\View\View.php(226): include('C:\\Users\\BATUAH.TECH\\Documents\\PPKS\\PPKS-Politala\\app\\Views\\pages\\Admin\\ManajementProfil.php')
 3 SYSTEMPATH\View\View.php(229): CodeIgniter\View\View->CodeIgniter\View\{closure}()
 4 SYSTEMPATH\Common.php(1188): CodeIgniter\View\View->render('pages/Admin/ManajementProfil', [], true)
 5 APPPATH\Controllers\ManajementProfil.php(26): view('pages/Admin/ManajementProfil', [...])
 6 SYSTEMPATH\CodeIgniter.php(919): App\Controllers\ManajementProfil->ManajementProfil()
 7 SYSTEMPATH\CodeIgniter.php(494): CodeIgniter\CodeIgniter->runController(Object(App\Controllers\ManajementProfil))
 8 SYSTEMPATH\CodeIgniter.php(353): CodeIgniter\CodeIgniter->handleRequest(null, Object(Config\Cache), false)
 9 FCPATH\index.php(79): CodeIgniter\CodeIgniter->run()
10 SYSTEMPATH\Commands\Server\rewrite.php(47): require_once('C:\\Users\\BATUAH.TECH\\Documents\\PPKS\\PPKS-Politala\\public\\index.php')
CRITICAL - 2023-12-12 11:53:20 --> Undefined array key "email"
in APPPATH\Views\pages\Admin\ManajementProfil.php on line 32.
 1 APPPATH\Views\pages\Admin\ManajementProfil.php(32): CodeIgniter\Debug\Exceptions->errorHandler(2, 'Undefined array key "email"', 'C:\\Users\\BATUAH.TECH\\Documents\\PPKS\\PPKS-Politala\\app\\Views\\pages\\Admin\\ManajementProfil.php', 32)
 2 SYSTEMPATH\View\View.php(226): include('C:\\Users\\BATUAH.TECH\\Documents\\PPKS\\PPKS-Politala\\app\\Views\\pages\\Admin\\ManajementProfil.php')
 3 SYSTEMPATH\View\View.php(229): CodeIgniter\View\View->CodeIgniter\View\{closure}()
 4 SYSTEMPATH\Common.php(1188): CodeIgniter\View\View->render('pages/Admin/ManajementProfil', [], true)
 5 APPPATH\Controllers\ManajementProfil.php(26): view('pages/Admin/ManajementProfil', [...])
 6 SYSTEMPATH\CodeIgniter.php(919): App\Controllers\ManajementProfil->ManajementProfil()
 7 SYSTEMPATH\CodeIgniter.php(494): CodeIgniter\CodeIgniter->runController(Object(App\Controllers\ManajementProfil))
 8 SYSTEMPATH\CodeIgniter.php(353): CodeIgniter\CodeIgniter->handleRequest(null, Object(Config\Cache), false)
 9 FCPATH\index.php(79): CodeIgniter\CodeIgniter->run()
10 SYSTEMPATH\Commands\Server\rewrite.php(47): require_once('C:\\Users\\BATUAH.TECH\\Documents\\PPKS\\PPKS-Politala\\public\\index.php')
CRITICAL - 2023-12-12 12:07:24 --> Too few arguments to function App\Controllers\ManajementProfil::EditProfil(), 0 passed in C:\Users\BATUAH.TECH\Documents\PPKS\PPKS-Politala\system\CodeIgniter.php on line 919 and exactly 1 expected
in APPPATH\Controllers\ManajementProfil.php on line 30.
 1 SYSTEMPATH\CodeIgniter.php(919): App\Controllers\ManajementProfil->EditProfil()
 2 SYSTEMPATH\CodeIgniter.php(494): CodeIgniter\CodeIgniter->runController(Object(App\Controllers\ManajementProfil))
 3 SYSTEMPATH\CodeIgniter.php(353): CodeIgniter\CodeIgniter->handleRequest(null, Object(Config\Cache), false)
 4 FCPATH\index.php(79): CodeIgniter\CodeIgniter->run()
 5 SYSTEMPATH\Commands\Server\rewrite.php(47): require_once('C:\\Users\\BATUAH.TECH\\Documents\\PPKS\\PPKS-Politala\\public\\index.php')
CRITICAL - 2023-12-12 12:10:17 --> Undefined variable $artikel
in APPPATH\Views\pages\form\editProfil.php on line 14.
 1 APPPATH\Views\pages\form\editProfil.php(14): CodeIgniter\Debug\Exceptions->errorHandler(2, 'Undefined variable $artikel', 'C:\\Users\\BATUAH.TECH\\Documents\\PPKS\\PPKS-Politala\\app\\Views\\pages\\form\\editProfil.php', 14)
 2 SYSTEMPATH\View\View.php(226): include('C:\\Users\\BATUAH.TECH\\Documents\\PPKS\\PPKS-Politala\\app\\Views\\pages\\form\\editProfil.php')
 3 SYSTEMPATH\View\View.php(229): CodeIgniter\View\View->CodeIgniter\View\{closure}()
 4 SYSTEMPATH\Common.php(1188): CodeIgniter\View\View->render('pages/form/editProfil', [], true)
 5 APPPATH\Controllers\ManajementProfil.php(31): view('pages/form/editProfil')
 6 SYSTEMPATH\CodeIgniter.php(919): App\Controllers\ManajementProfil->EditProfil('alamat')
 7 SYSTEMPATH\CodeIgniter.php(494): CodeIgniter\CodeIgniter->runController(Object(App\Controllers\ManajementProfil))
 8 SYSTEMPATH\CodeIgniter.php(353): CodeIgniter\CodeIgniter->handleRequest(null, Object(Config\Cache), false)
 9 FCPATH\index.php(79): CodeIgniter\CodeIgniter->run()
10 SYSTEMPATH\Commands\Server\rewrite.php(47): require_once('C:\\Users\\BATUAH.TECH\\Documents\\PPKS\\PPKS-Politala\\public\\index.php')
CRITICAL - 2023-12-12 12:21:33 --> Undefined array key "$kategori"
in APPPATH\Controllers\ManajementProfil.php on line 39.
 1 APPPATH\Controllers\ManajementProfil.php(39): CodeIgniter\Debug\Exceptions->errorHandler(2, 'Undefined array key "$kategori"', 'C:\\Users\\BATUAH.TECH\\Documents\\PPKS\\PPKS-Politala\\app\\Controllers\\ManajementProfil.php', 39)
 2 SYSTEMPATH\CodeIgniter.php(919): App\Controllers\ManajementProfil->EditProfil('email')
 3 SYSTEMPATH\CodeIgniter.php(494): CodeIgniter\CodeIgniter->runController(Object(App\Controllers\ManajementProfil))
 4 SYSTEMPATH\CodeIgniter.php(353): CodeIgniter\CodeIgniter->handleRequest(null, Object(Config\Cache), false)
 5 FCPATH\index.php(79): CodeIgniter\CodeIgniter->run()
 6 SYSTEMPATH\Commands\Server\rewrite.php(47): require_once('C:\\Users\\BATUAH.TECH\\Documents\\PPKS\\PPKS-Politala\\public\\index.php')
CRITICAL - 2023-12-12 12:21:42 --> Undefined array key "$kategori"
in APPPATH\Controllers\ManajementProfil.php on line 39.
 1 APPPATH\Controllers\ManajementProfil.php(39): CodeIgniter\Debug\Exceptions->errorHandler(2, 'Undefined array key "$kategori"', 'C:\\Users\\BATUAH.TECH\\Documents\\PPKS\\PPKS-Politala\\app\\Controllers\\ManajementProfil.php', 39)
 2 SYSTEMPATH\CodeIgniter.php(919): App\Controllers\ManajementProfil->EditProfil('alamat')
 3 SYSTEMPATH\CodeIgniter.php(494): CodeIgniter\CodeIgniter->runController(Object(App\Controllers\ManajementProfil))
 4 SYSTEMPATH\CodeIgniter.php(353): CodeIgniter\CodeIgniter->handleRequest(null, Object(Config\Cache), false)
 5 FCPATH\index.php(79): CodeIgniter\CodeIgniter->run()
 6 SYSTEMPATH\Commands\Server\rewrite.php(47): require_once('C:\\Users\\BATUAH.TECH\\Documents\\PPKS\\PPKS-Politala\\public\\index.php')
CRITICAL - 2023-12-12 12:22:09 --> Undefined array key ""
in APPPATH\Controllers\ManajementProfil.php on line 39.
 1 APPPATH\Controllers\ManajementProfil.php(39): CodeIgniter\Debug\Exceptions->errorHandler(2, 'Undefined array key ""', 'C:\\Users\\BATUAH.TECH\\Documents\\PPKS\\PPKS-Politala\\app\\Controllers\\ManajementProfil.php', 39)
 2 SYSTEMPATH\CodeIgniter.php(919): App\Controllers\ManajementProfil->EditProfil('alamat')
 3 SYSTEMPATH\CodeIgniter.php(494): CodeIgniter\CodeIgniter->runController(Object(App\Controllers\ManajementProfil))
 4 SYSTEMPATH\CodeIgniter.php(353): CodeIgniter\CodeIgniter->handleRequest(null, Object(Config\Cache), false)
 5 FCPATH\index.php(79): CodeIgniter\CodeIgniter->run()
 6 SYSTEMPATH\Commands\Server\rewrite.php(47): require_once('C:\\Users\\BATUAH.TECH\\Documents\\PPKS\\PPKS-Politala\\public\\index.php')
CRITICAL - 2023-12-12 12:22:11 --> Undefined array key ""
in APPPATH\Controllers\ManajementProfil.php on line 39.
 1 APPPATH\Controllers\ManajementProfil.php(39): CodeIgniter\Debug\Exceptions->errorHandler(2, 'Undefined array key ""', 'C:\\Users\\BATUAH.TECH\\Documents\\PPKS\\PPKS-Politala\\app\\Controllers\\ManajementProfil.php', 39)
 2 SYSTEMPATH\CodeIgniter.php(919): App\Controllers\ManajementProfil->EditProfil('alamat')
 3 SYSTEMPATH\CodeIgniter.php(494): CodeIgniter\CodeIgniter->runController(Object(App\Controllers\ManajementProfil))
 4 SYSTEMPATH\CodeIgniter.php(353): CodeIgniter\CodeIgniter->handleRequest(null, Object(Config\Cache), false)
 5 FCPATH\index.php(79): CodeIgniter\CodeIgniter->run()
 6 SYSTEMPATH\Commands\Server\rewrite.php(47): require_once('C:\\Users\\BATUAH.TECH\\Documents\\PPKS\\PPKS-Politala\\public\\index.php')
CRITICAL - 2023-12-12 12:22:40 --> Undefined array key ""
in APPPATH\Controllers\ManajementProfil.php on line 39.
 1 APPPATH\Controllers\ManajementProfil.php(39): CodeIgniter\Debug\Exceptions->errorHandler(2, 'Undefined array key ""', 'C:\\Users\\BATUAH.TECH\\Documents\\PPKS\\PPKS-Politala\\app\\Controllers\\ManajementProfil.php', 39)
 2 SYSTEMPATH\CodeIgniter.php(919): App\Controllers\ManajementProfil->EditProfil('alamat')
 3 SYSTEMPATH\CodeIgniter.php(494): CodeIgniter\CodeIgniter->runController(Object(App\Controllers\ManajementProfil))
 4 SYSTEMPATH\CodeIgniter.php(353): CodeIgniter\CodeIgniter->handleRequest(null, Object(Config\Cache), false)
 5 FCPATH\index.php(79): CodeIgniter\CodeIgniter->run()
 6 SYSTEMPATH\Commands\Server\rewrite.php(47): require_once('C:\\Users\\BATUAH.TECH\\Documents\\PPKS\\PPKS-Politala\\public\\index.php')
CRITICAL - 2023-12-12 12:22:43 --> Undefined array key ""
in APPPATH\Controllers\ManajementProfil.php on line 39.
 1 APPPATH\Controllers\ManajementProfil.php(39): CodeIgniter\Debug\Exceptions->errorHandler(2, 'Undefined array key ""', 'C:\\Users\\BATUAH.TECH\\Documents\\PPKS\\PPKS-Politala\\app\\Controllers\\ManajementProfil.php', 39)
 2 SYSTEMPATH\CodeIgniter.php(919): App\Controllers\ManajementProfil->EditProfil('alamat')
 3 SYSTEMPATH\CodeIgniter.php(494): CodeIgniter\CodeIgniter->runController(Object(App\Controllers\ManajementProfil))
 4 SYSTEMPATH\CodeIgniter.php(353): CodeIgniter\CodeIgniter->handleRequest(null, Object(Config\Cache), false)
 5 FCPATH\index.php(79): CodeIgniter\CodeIgniter->run()
 6 SYSTEMPATH\Commands\Server\rewrite.php(47): require_once('C:\\Users\\BATUAH.TECH\\Documents\\PPKS\\PPKS-Politala\\public\\index.php')
INFO - 2023-12-12 14:02:27 --> Session: Class initialized using 'CodeIgniter\Session\Handlers\FileHandler' driver.
INFO - 2023-12-12 14:02:40 --> Session: Class initialized using 'CodeIgniter\Session\Handlers\FileHandler' driver.
INFO - 2023-12-12 14:05:34 --> Session: Class initialized using 'CodeIgniter\Session\Handlers\FileHandler' driver.
INFO - 2023-12-12 14:06:30 --> Session: Class initialized using 'CodeIgniter\Session\Handlers\FileHandler' driver.
INFO - 2023-12-12 14:06:36 --> Session: Class initialized using 'CodeIgniter\Session\Handlers\FileHandler' driver.
INFO - 2023-12-12 14:08:56 --> Session: Class initialized using 'CodeIgniter\Session\Handlers\FileHandler' driver.
INFO - 2023-12-12 14:09:03 --> Session: Class initialized using 'CodeIgniter\Session\Handlers\FileHandler' driver.
INFO - 2023-12-12 14:10:10 --> Session: Class initialized using 'CodeIgniter\Session\Handlers\FileHandler' driver.
INFO - 2023-12-12 14:15:06 --> Session: Class initialized using 'CodeIgniter\Session\Handlers\FileHandler' driver.
INFO - 2023-12-12 14:17:17 --> Session: Class initialized using 'CodeIgniter\Session\Handlers\FileHandler' driver.
INFO - 2023-12-12 14:17:31 --> Session: Class initialized using 'CodeIgniter\Session\Handlers\FileHandler' driver.
INFO - 2023-12-12 14:37:38 --> Session: Class initialized using 'CodeIgniter\Session\Handlers\FileHandler' driver.
INFO - 2023-12-12 14:37:42 --> Session: Class initialized using 'CodeIgniter\Session\Handlers\FileHandler' driver.
INFO - 2023-12-12 14:40:12 --> Session: Class initialized using 'CodeIgniter\Session\Handlers\FileHandler' driver.
INFO - 2023-12-12 14:43:10 --> Session: Class initialized using 'CodeIgniter\Session\Handlers\FileHandler' driver.
ERROR - 2023-12-12 14:43:43 --> Error connecting to the database: mysqli_sql_exception: No connection could be made because the target machine actively refused it in C:\Users\BATUAH.TECH\Documents\PPKS\PPKS-Politala\system\Database\MySQLi\Connection.php:185
Stack trace:
#0 C:\Users\BATUAH.TECH\Documents\PPKS\PPKS-Politala\system\Database\MySQLi\Connection.php(185): mysqli->real_connect('localhost', 'root', '', 'ppks', 3306, '', 0)
#1 C:\Users\BATUAH.TECH\Documents\PPKS\PPKS-Politala\system\Database\BaseConnection.php(391): CodeIgniter\Database\MySQLi\Connection->connect(false)
#2 C:\Users\BATUAH.TECH\Documents\PPKS\PPKS-Politala\system\Database\BaseConnection.php(574): CodeIgniter\Database\BaseConnection->initialize()
#3 C:\Users\BATUAH.TECH\Documents\PPKS\PPKS-Politala\system\Database\BaseBuilder.php(1615): CodeIgniter\Database\BaseConnection->query('SELECT *\nFROM `...', Array, false)
#4 C:\Users\BATUAH.TECH\Documents\PPKS\PPKS-Politala\system\Model.php(237): CodeIgniter\Database\BaseBuilder->get()
#5 C:\Users\BATUAH.TECH\Documents\PPKS\PPKS-Politala\system\BaseModel.php(624): CodeIgniter\Model->doFindAll(0, 0)
#6 C:\Users\BATUAH.TECH\Documents\PPKS\PPKS-Politala\app\Controllers\ManajementProfil.php(20): CodeIgniter\BaseModel->findAll()
#7 C:\Users\BATUAH.TECH\Documents\PPKS\PPKS-Politala\system\CodeIgniter.php(919): App\Controllers\ManajementProfil->ManajementProfil()
#8 C:\Users\BATUAH.TECH\Documents\PPKS\PPKS-Politala\system\CodeIgniter.php(494): CodeIgniter\CodeIgniter->runController(Object(App\Controllers\ManajementProfil))
#9 C:\Users\BATUAH.TECH\Documents\PPKS\PPKS-Politala\system\CodeIgniter.php(353): CodeIgniter\CodeIgniter->handleRequest(NULL, Object(Config\Cache), false)
#10 C:\Users\BATUAH.TECH\Documents\PPKS\PPKS-Politala\public\index.php(79): CodeIgniter\CodeIgniter->run()
#11 C:\Users\BATUAH.TECH\Documents\PPKS\PPKS-Politala\system\Commands\Server\rewrite.php(47): require_once('C:\\Users\\BATUAH...')
#12 {main}

Next CodeIgniter\Database\Exceptions\DatabaseException: No connection could be made because the target machine actively refused it in C:\Users\BATUAH.TECH\Documents\PPKS\PPKS-Politala\system\Database\MySQLi\Connection.php:229
Stack trace:
#0 C:\Users\BATUAH.TECH\Documents\PPKS\PPKS-Politala\system\Database\BaseConnection.php(391): CodeIgniter\Database\MySQLi\Connection->connect(false)
#1 C:\Users\BATUAH.TECH\Documents\PPKS\PPKS-Politala\system\Database\BaseConnection.php(574): CodeIgniter\Database\BaseConnection->initialize()
#2 C:\Users\BATUAH.TECH\Documents\PPKS\PPKS-Politala\system\Database\BaseBuilder.php(1615): CodeIgniter\Database\BaseConnection->query('SELECT *\nFROM `...', Array, false)
#3 C:\Users\BATUAH.TECH\Documents\PPKS\PPKS-Politala\system\Model.php(237): CodeIgniter\Database\BaseBuilder->get()
#4 C:\Users\BATUAH.TECH\Documents\PPKS\PPKS-Politala\system\BaseModel.php(624): CodeIgniter\Model->doFindAll(0, 0)
#5 C:\Users\BATUAH.TECH\Documents\PPKS\PPKS-Politala\app\Controllers\ManajementProfil.php(20): CodeIgniter\BaseModel->findAll()
#6 C:\Users\BATUAH.TECH\Documents\PPKS\PPKS-Politala\system\CodeIgniter.php(919): App\Controllers\ManajementProfil->ManajementProfil()
#7 C:\Users\BATUAH.TECH\Documents\PPKS\PPKS-Politala\system\CodeIgniter.php(494): CodeIgniter\CodeIgniter->runController(Object(App\Controllers\ManajementProfil))
#8 C:\Users\BATUAH.TECH\Documents\PPKS\PPKS-Politala\system\CodeIgniter.php(353): CodeIgniter\CodeIgniter->handleRequest(NULL, Object(Config\Cache), false)
#9 C:\Users\BATUAH.TECH\Documents\PPKS\PPKS-Politala\public\index.php(79): CodeIgniter\CodeIgniter->run()
#10 C:\Users\BATUAH.TECH\Documents\PPKS\PPKS-Politala\system\Commands\Server\rewrite.php(47): require_once('C:\\Users\\BATUAH...')
#11 {main}
CRITICAL - 2023-12-12 14:43:43 --> Unable to connect to the database.
Main connection [MySQLi]: No connection could be made because the target machine actively refused it
in SYSTEMPATH\Database\BaseConnection.php on line 427.
 1 SYSTEMPATH\Database\BaseConnection.php(574): CodeIgniter\Database\BaseConnection->initialize()
 2 SYSTEMPATH\Database\BaseBuilder.php(1615): CodeIgniter\Database\BaseConnection->query('SELECT *
FROM `profil`', [], false)
 3 SYSTEMPATH\Model.php(237): CodeIgniter\Database\BaseBuilder->get()
 4 SYSTEMPATH\BaseModel.php(624): CodeIgniter\Model->doFindAll(0, 0)
 5 APPPATH\Controllers\ManajementProfil.php(20): CodeIgniter\BaseModel->findAll()
 6 SYSTEMPATH\CodeIgniter.php(919): App\Controllers\ManajementProfil->ManajementProfil()
 7 SYSTEMPATH\CodeIgniter.php(494): CodeIgniter\CodeIgniter->runController(Object(App\Controllers\ManajementProfil))
 8 SYSTEMPATH\CodeIgniter.php(353): CodeIgniter\CodeIgniter->handleRequest(null, Object(Config\Cache), false)
 9 FCPATH\index.php(79): CodeIgniter\CodeIgniter->run()
10 SYSTEMPATH\Commands\Server\rewrite.php(47): require_once('C:\\Users\\BATUAH.TECH\\Documents\\PPKS\\PPKS-Politala\\public\\index.php')
ERROR - 2023-12-12 14:43:47 --> Error connecting to the database: mysqli_sql_exception: No connection could be made because the target machine actively refused it in C:\Users\BATUAH.TECH\Documents\PPKS\PPKS-Politala\system\Database\MySQLi\Connection.php:185
Stack trace:
#0 C:\Users\BATUAH.TECH\Documents\PPKS\PPKS-Politala\system\Database\MySQLi\Connection.php(185): mysqli->real_connect('localhost', 'root', '', 'ppks', 3306, '', 0)
#1 C:\Users\BATUAH.TECH\Documents\PPKS\PPKS-Politala\system\Database\BaseConnection.php(391): CodeIgniter\Database\MySQLi\Connection->connect(false)
#2 C:\Users\BATUAH.TECH\Documents\PPKS\PPKS-Politala\system\Database\BaseConnection.php(574): CodeIgniter\Database\BaseConnection->initialize()
#3 C:\Users\BATUAH.TECH\Documents\PPKS\PPKS-Politala\system\Database\BaseBuilder.php(1615): CodeIgniter\Database\BaseConnection->query('SELECT *\nFROM `...', Array, false)
#4 C:\Users\BATUAH.TECH\Documents\PPKS\PPKS-Politala\system\Model.php(237): CodeIgniter\Database\BaseBuilder->get()
#5 C:\Users\BATUAH.TECH\Documents\PPKS\PPKS-Politala\system\BaseModel.php(624): CodeIgniter\Model->doFindAll(0, 0)
#6 C:\Users\BATUAH.TECH\Documents\PPKS\PPKS-Politala\app\Controllers\ManajementProfil.php(35): CodeIgniter\BaseModel->findAll()
#7 C:\Users\BATUAH.TECH\Documents\PPKS\PPKS-Politala\system\CodeIgniter.php(919): App\Controllers\ManajementProfil->EditProfil('no_handphone')
#8 C:\Users\BATUAH.TECH\Documents\PPKS\PPKS-Politala\system\CodeIgniter.php(494): CodeIgniter\CodeIgniter->runController(Object(App\Controllers\ManajementProfil))
#9 C:\Users\BATUAH.TECH\Documents\PPKS\PPKS-Politala\system\CodeIgniter.php(353): CodeIgniter\CodeIgniter->handleRequest(NULL, Object(Config\Cache), false)
#10 C:\Users\BATUAH.TECH\Documents\PPKS\PPKS-Politala\public\index.php(79): CodeIgniter\CodeIgniter->run()
#11 C:\Users\BATUAH.TECH\Documents\PPKS\PPKS-Politala\system\Commands\Server\rewrite.php(47): require_once('C:\\Users\\BATUAH...')
#12 {main}

Next CodeIgniter\Database\Exceptions\DatabaseException: No connection could be made because the target machine actively refused it in C:\Users\BATUAH.TECH\Documents\PPKS\PPKS-Politala\system\Database\MySQLi\Connection.php:229
Stack trace:
#0 C:\Users\BATUAH.TECH\Documents\PPKS\PPKS-Politala\system\Database\BaseConnection.php(391): CodeIgniter\Database\MySQLi\Connection->connect(false)
#1 C:\Users\BATUAH.TECH\Documents\PPKS\PPKS-Politala\system\Database\BaseConnection.php(574): CodeIgniter\Database\BaseConnection->initialize()
#2 C:\Users\BATUAH.TECH\Documents\PPKS\PPKS-Politala\system\Database\BaseBuilder.php(1615): CodeIgniter\Database\BaseConnection->query('SELECT *\nFROM `...', Array, false)
#3 C:\Users\BATUAH.TECH\Documents\PPKS\PPKS-Politala\system\Model.php(237): CodeIgniter\Database\BaseBuilder->get()
#4 C:\Users\BATUAH.TECH\Documents\PPKS\PPKS-Politala\system\BaseModel.php(624): CodeIgniter\Model->doFindAll(0, 0)
#5 C:\Users\BATUAH.TECH\Documents\PPKS\PPKS-Politala\app\Controllers\ManajementProfil.php(35): CodeIgniter\BaseModel->findAll()
#6 C:\Users\BATUAH.TECH\Documents\PPKS\PPKS-Politala\system\CodeIgniter.php(919): App\Controllers\ManajementProfil->EditProfil('no_handphone')
#7 C:\Users\BATUAH.TECH\Documents\PPKS\PPKS-Politala\system\CodeIgniter.php(494): CodeIgniter\CodeIgniter->runController(Object(App\Controllers\ManajementProfil))
#8 C:\Users\BATUAH.TECH\Documents\PPKS\PPKS-Politala\system\CodeIgniter.php(353): CodeIgniter\CodeIgniter->handleRequest(NULL, Object(Config\Cache), false)
#9 C:\Users\BATUAH.TECH\Documents\PPKS\PPKS-Politala\public\index.php(79): CodeIgniter\CodeIgniter->run()
#10 C:\Users\BATUAH.TECH\Documents\PPKS\PPKS-Politala\system\Commands\Server\rewrite.php(47): require_once('C:\\Users\\BATUAH...')
#11 {main}
CRITICAL - 2023-12-12 14:43:47 --> Unable to connect to the database.
Main connection [MySQLi]: No connection could be made because the target machine actively refused it
in SYSTEMPATH\Database\BaseConnection.php on line 427.
 1 SYSTEMPATH\Database\BaseConnection.php(574): CodeIgniter\Database\BaseConnection->initialize()
 2 SYSTEMPATH\Database\BaseBuilder.php(1615): CodeIgniter\Database\BaseConnection->query('SELECT *
FROM `profil`', [], false)
 3 SYSTEMPATH\Model.php(237): CodeIgniter\Database\BaseBuilder->get()
 4 SYSTEMPATH\BaseModel.php(624): CodeIgniter\Model->doFindAll(0, 0)
 5 APPPATH\Controllers\ManajementProfil.php(35): CodeIgniter\BaseModel->findAll()
 6 SYSTEMPATH\CodeIgniter.php(919): App\Controllers\ManajementProfil->EditProfil('no_handphone')
 7 SYSTEMPATH\CodeIgniter.php(494): CodeIgniter\CodeIgniter->runController(Object(App\Controllers\ManajementProfil))
 8 SYSTEMPATH\CodeIgniter.php(353): CodeIgniter\CodeIgniter->handleRequest(null, Object(Config\Cache), false)
 9 FCPATH\index.php(79): CodeIgniter\CodeIgniter->run()
10 SYSTEMPATH\Commands\Server\rewrite.php(47): require_once('C:\\Users\\BATUAH.TECH\\Documents\\PPKS\\PPKS-Politala\\public\\index.php')
ERROR - 2023-12-12 14:43:52 --> Error connecting to the database: mysqli_sql_exception: No connection could be made because the target machine actively refused it in C:\Users\BATUAH.TECH\Documents\PPKS\PPKS-Politala\system\Database\MySQLi\Connection.php:185
Stack trace:
#0 C:\Users\BATUAH.TECH\Documents\PPKS\PPKS-Politala\system\Database\MySQLi\Connection.php(185): mysqli->real_connect('localhost', 'root', '', 'ppks', 3306, '', 0)
#1 C:\Users\BATUAH.TECH\Documents\PPKS\PPKS-Politala\system\Database\BaseConnection.php(391): CodeIgniter\Database\MySQLi\Connection->connect(false)
#2 C:\Users\BATUAH.TECH\Documents\PPKS\PPKS-Politala\system\Database\BaseConnection.php(574): CodeIgniter\Database\BaseConnection->initialize()
#3 C:\Users\BATUAH.TECH\Documents\PPKS\PPKS-Politala\system\Database\BaseBuilder.php(1615): CodeIgniter\Database\BaseConnection->query('SELECT *\nFROM `...', Array, false)
#4 C:\Users\BATUAH.TECH\Documents\PPKS\PPKS-Politala\system\Model.php(237): CodeIgniter\Database\BaseBuilder->get()
#5 C:\Users\BATUAH.TECH\Documents\PPKS\PPKS-Politala\system\BaseModel.php(624): CodeIgniter\Model->doFindAll(0, 0)
#6 C:\Users\BATUAH.TECH\Documents\PPKS\PPKS-Politala\app\Controllers\ManajementProfil.php(35): CodeIgniter\BaseModel->findAll()
#7 C:\Users\BATUAH.TECH\Documents\PPKS\PPKS-Politala\system\CodeIgniter.php(919): App\Controllers\ManajementProfil->EditProfil('no_handphone')
#8 C:\Users\BATUAH.TECH\Documents\PPKS\PPKS-Politala\system\CodeIgniter.php(494): CodeIgniter\CodeIgniter->runController(Object(App\Controllers\ManajementProfil))
#9 C:\Users\BATUAH.TECH\Documents\PPKS\PPKS-Politala\system\CodeIgniter.php(353): CodeIgniter\CodeIgniter->handleRequest(NULL, Object(Config\Cache), false)
#10 C:\Users\BATUAH.TECH\Documents\PPKS\PPKS-Politala\public\index.php(79): CodeIgniter\CodeIgniter->run()
#11 C:\Users\BATUAH.TECH\Documents\PPKS\PPKS-Politala\system\Commands\Server\rewrite.php(47): require_once('C:\\Users\\BATUAH...')
#12 {main}

Next CodeIgniter\Database\Exceptions\DatabaseException: No connection could be made because the target machine actively refused it in C:\Users\BATUAH.TECH\Documents\PPKS\PPKS-Politala\system\Database\MySQLi\Connection.php:229
Stack trace:
#0 C:\Users\BATUAH.TECH\Documents\PPKS\PPKS-Politala\system\Database\BaseConnection.php(391): CodeIgniter\Database\MySQLi\Connection->connect(false)
#1 C:\Users\BATUAH.TECH\Documents\PPKS\PPKS-Politala\system\Database\BaseConnection.php(574): CodeIgniter\Database\BaseConnection->initialize()
#2 C:\Users\BATUAH.TECH\Documents\PPKS\PPKS-Politala\system\Database\BaseBuilder.php(1615): CodeIgniter\Database\BaseConnection->query('SELECT *\nFROM `...', Array, false)
#3 C:\Users\BATUAH.TECH\Documents\PPKS\PPKS-Politala\system\Model.php(237): CodeIgniter\Database\BaseBuilder->get()
#4 C:\Users\BATUAH.TECH\Documents\PPKS\PPKS-Politala\system\BaseModel.php(624): CodeIgniter\Model->doFindAll(0, 0)
#5 C:\Users\BATUAH.TECH\Documents\PPKS\PPKS-Politala\app\Controllers\ManajementProfil.php(35): CodeIgniter\BaseModel->findAll()
#6 C:\Users\BATUAH.TECH\Documents\PPKS\PPKS-Politala\system\CodeIgniter.php(919): App\Controllers\ManajementProfil->EditProfil('no_handphone')
#7 C:\Users\BATUAH.TECH\Documents\PPKS\PPKS-Politala\system\CodeIgniter.php(494): CodeIgniter\CodeIgniter->runController(Object(App\Controllers\ManajementProfil))
#8 C:\Users\BATUAH.TECH\Documents\PPKS\PPKS-Politala\system\CodeIgniter.php(353): CodeIgniter\CodeIgniter->handleRequest(NULL, Object(Config\Cache), false)
#9 C:\Users\BATUAH.TECH\Documents\PPKS\PPKS-Politala\public\index.php(79): CodeIgniter\CodeIgniter->run()
#10 C:\Users\BATUAH.TECH\Documents\PPKS\PPKS-Politala\system\Commands\Server\rewrite.php(47): require_once('C:\\Users\\BATUAH...')
#11 {main}
CRITICAL - 2023-12-12 14:43:52 --> Unable to connect to the database.
Main connection [MySQLi]: No connection could be made because the target machine actively refused it
in SYSTEMPATH\Database\BaseConnection.php on line 427.
 1 SYSTEMPATH\Database\BaseConnection.php(574): CodeIgniter\Database\BaseConnection->initialize()
 2 SYSTEMPATH\Database\BaseBuilder.php(1615): CodeIgniter\Database\BaseConnection->query('SELECT *
FROM `profil`', [], false)
 3 SYSTEMPATH\Model.php(237): CodeIgniter\Database\BaseBuilder->get()
 4 SYSTEMPATH\BaseModel.php(624): CodeIgniter\Model->doFindAll(0, 0)
 5 APPPATH\Controllers\ManajementProfil.php(35): CodeIgniter\BaseModel->findAll()
 6 SYSTEMPATH\CodeIgniter.php(919): App\Controllers\ManajementProfil->EditProfil('no_handphone')
 7 SYSTEMPATH\CodeIgniter.php(494): CodeIgniter\CodeIgniter->runController(Object(App\Controllers\ManajementProfil))
 8 SYSTEMPATH\CodeIgniter.php(353): CodeIgniter\CodeIgniter->handleRequest(null, Object(Config\Cache), false)
 9 FCPATH\index.php(79): CodeIgniter\CodeIgniter->run()
10 SYSTEMPATH\Commands\Server\rewrite.php(47): require_once('C:\\Users\\BATUAH.TECH\\Documents\\PPKS\\PPKS-Politala\\public\\index.php')
ERROR - 2023-12-12 14:43:56 --> Error connecting to the database: mysqli_sql_exception: No connection could be made because the target machine actively refused it in C:\Users\BATUAH.TECH\Documents\PPKS\PPKS-Politala\system\Database\MySQLi\Connection.php:185
Stack trace:
#0 C:\Users\BATUAH.TECH\Documents\PPKS\PPKS-Politala\system\Database\MySQLi\Connection.php(185): mysqli->real_connect('localhost', 'root', '', 'ppks', 3306, '', 0)
#1 C:\Users\BATUAH.TECH\Documents\PPKS\PPKS-Politala\system\Database\BaseConnection.php(391): CodeIgniter\Database\MySQLi\Connection->connect(false)
#2 C:\Users\BATUAH.TECH\Documents\PPKS\PPKS-Politala\system\Database\BaseConnection.php(574): CodeIgniter\Database\BaseConnection->initialize()
#3 C:\Users\BATUAH.TECH\Documents\PPKS\PPKS-Politala\system\Database\BaseBuilder.php(1615): CodeIgniter\Database\BaseConnection->query('SELECT *\nFROM `...', Array, false)
#4 C:\Users\BATUAH.TECH\Documents\PPKS\PPKS-Politala\system\Model.php(237): CodeIgniter\Database\BaseBuilder->get()
#5 C:\Users\BATUAH.TECH\Documents\PPKS\PPKS-Politala\system\BaseModel.php(624): CodeIgniter\Model->doFindAll(0, 0)
#6 C:\Users\BATUAH.TECH\Documents\PPKS\PPKS-Politala\app\Controllers\ManajementProfil.php(35): CodeIgniter\BaseModel->findAll()
#7 C:\Users\BATUAH.TECH\Documents\PPKS\PPKS-Politala\system\CodeIgniter.php(919): App\Controllers\ManajementProfil->EditProfil('no_handphone')
#8 C:\Users\BATUAH.TECH\Documents\PPKS\PPKS-Politala\system\CodeIgniter.php(494): CodeIgniter\CodeIgniter->runController(Object(App\Controllers\ManajementProfil))
#9 C:\Users\BATUAH.TECH\Documents\PPKS\PPKS-Politala\system\CodeIgniter.php(353): CodeIgniter\CodeIgniter->handleRequest(NULL, Object(Config\Cache), false)
#10 C:\Users\BATUAH.TECH\Documents\PPKS\PPKS-Politala\public\index.php(79): CodeIgniter\CodeIgniter->run()
#11 C:\Users\BATUAH.TECH\Documents\PPKS\PPKS-Politala\system\Commands\Server\rewrite.php(47): require_once('C:\\Users\\BATUAH...')
#12 {main}

Next CodeIgniter\Database\Exceptions\DatabaseException: No connection could be made because the target machine actively refused it in C:\Users\BATUAH.TECH\Documents\PPKS\PPKS-Politala\system\Database\MySQLi\Connection.php:229
Stack trace:
#0 C:\Users\BATUAH.TECH\Documents\PPKS\PPKS-Politala\system\Database\BaseConnection.php(391): CodeIgniter\Database\MySQLi\Connection->connect(false)
#1 C:\Users\BATUAH.TECH\Documents\PPKS\PPKS-Politala\system\Database\BaseConnection.php(574): CodeIgniter\Database\BaseConnection->initialize()
#2 C:\Users\BATUAH.TECH\Documents\PPKS\PPKS-Politala\system\Database\BaseBuilder.php(1615): CodeIgniter\Database\BaseConnection->query('SELECT *\nFROM `...', Array, false)
#3 C:\Users\BATUAH.TECH\Documents\PPKS\PPKS-Politala\system\Model.php(237): CodeIgniter\Database\BaseBuilder->get()
#4 C:\Users\BATUAH.TECH\Documents\PPKS\PPKS-Politala\system\BaseModel.php(624): CodeIgniter\Model->doFindAll(0, 0)
#5 C:\Users\BATUAH.TECH\Documents\PPKS\PPKS-Politala\app\Controllers\ManajementProfil.php(35): CodeIgniter\BaseModel->findAll()
#6 C:\Users\BATUAH.TECH\Documents\PPKS\PPKS-Politala\system\CodeIgniter.php(919): App\Controllers\ManajementProfil->EditProfil('no_handphone')
#7 C:\Users\BATUAH.TECH\Documents\PPKS\PPKS-Politala\system\CodeIgniter.php(494): CodeIgniter\CodeIgniter->runController(Object(App\Controllers\ManajementProfil))
#8 C:\Users\BATUAH.TECH\Documents\PPKS\PPKS-Politala\system\CodeIgniter.php(353): CodeIgniter\CodeIgniter->handleRequest(NULL, Object(Config\Cache), false)
#9 C:\Users\BATUAH.TECH\Documents\PPKS\PPKS-Politala\public\index.php(79): CodeIgniter\CodeIgniter->run()
#10 C:\Users\BATUAH.TECH\Documents\PPKS\PPKS-Politala\system\Commands\Server\rewrite.php(47): require_once('C:\\Users\\BATUAH...')
#11 {main}
CRITICAL - 2023-12-12 14:43:56 --> Unable to connect to the database.
Main connection [MySQLi]: No connection could be made because the target machine actively refused it
in SYSTEMPATH\Database\BaseConnection.php on line 427.
 1 SYSTEMPATH\Database\BaseConnection.php(574): CodeIgniter\Database\BaseConnection->initialize()
 2 SYSTEMPATH\Database\BaseBuilder.php(1615): CodeIgniter\Database\BaseConnection->query('SELECT *
FROM `profil`', [], false)
 3 SYSTEMPATH\Model.php(237): CodeIgniter\Database\BaseBuilder->get()
 4 SYSTEMPATH\BaseModel.php(624): CodeIgniter\Model->doFindAll(0, 0)
 5 APPPATH\Controllers\ManajementProfil.php(35): CodeIgniter\BaseModel->findAll()
 6 SYSTEMPATH\CodeIgniter.php(919): App\Controllers\ManajementProfil->EditProfil('no_handphone')
 7 SYSTEMPATH\CodeIgniter.php(494): CodeIgniter\CodeIgniter->runController(Object(App\Controllers\ManajementProfil))
 8 SYSTEMPATH\CodeIgniter.php(353): CodeIgniter\CodeIgniter->handleRequest(null, Object(Config\Cache), false)
 9 FCPATH\index.php(79): CodeIgniter\CodeIgniter->run()
10 SYSTEMPATH\Commands\Server\rewrite.php(47): require_once('C:\\Users\\BATUAH.TECH\\Documents\\PPKS\\PPKS-Politala\\public\\index.php')
INFO - 2023-12-12 14:50:49 --> Session: Class initialized using 'CodeIgniter\Session\Handlers\FileHandler' driver.
INFO - 2023-12-12 14:50:54 --> Session: Class initialized using 'CodeIgniter\Session\Handlers\FileHandler' driver.
INFO - 2023-12-12 14:53:53 --> Session: Class initialized using 'CodeIgniter\Session\Handlers\FileHandler' driver.
INFO - 2023-12-12 14:55:10 --> Session: Class initialized using 'CodeIgniter\Session\Handlers\FileHandler' driver.
INFO - 2023-12-12 14:55:13 --> Session: Class initialized using 'CodeIgniter\Session\Handlers\FileHandler' driver.
CRITICAL - 2023-12-12 14:57:38 --> There is no data to update.
in SYSTEMPATH\BaseModel.php on line 930.
 1 SYSTEMPATH\BaseModel.php(930): CodeIgniter\Database\Exceptions\DataException::forEmptyDataset('update')
 2 SYSTEMPATH\Model.php(776): CodeIgniter\BaseModel->update([...], [])
 3 SYSTEMPATH\BaseModel.php(696): CodeIgniter\Model->update(1, [...])
 4 APPPATH\Controllers\ManajementProfil.php(62): CodeIgniter\BaseModel->save([...])
 5 SYSTEMPATH\CodeIgniter.php(919): App\Controllers\ManajementProfil->SimpanProfil('email')
 6 SYSTEMPATH\CodeIgniter.php(494): CodeIgniter\CodeIgniter->runController(Object(App\Controllers\ManajementProfil))
 7 SYSTEMPATH\CodeIgniter.php(353): CodeIgniter\CodeIgniter->handleRequest(null, Object(Config\Cache), false)
 8 FCPATH\index.php(79): CodeIgniter\CodeIgniter->run()
 9 SYSTEMPATH\Commands\Server\rewrite.php(47): require_once('C:\\Users\\BATUAH.TECH\\Documents\\PPKS\\PPKS-Politala\\public\\index.php')
INFO - 2023-12-12 14:57:57 --> Session: Class initialized using 'CodeIgniter\Session\Handlers\FileHandler' driver.
ERROR - 2023-12-12 15:08:44 --> Error connecting to the database: mysqli_sql_exception: No connection could be made because the target machine actively refused it in C:\Users\BATUAH.TECH\Documents\PPKS\PPKS-Politala\system\Database\MySQLi\Connection.php:185
Stack trace:
#0 C:\Users\BATUAH.TECH\Documents\PPKS\PPKS-Politala\system\Database\MySQLi\Connection.php(185): mysqli->real_connect('localhost', 'root', '', 'ppks', 3306, '', 0)
#1 C:\Users\BATUAH.TECH\Documents\PPKS\PPKS-Politala\system\Database\BaseConnection.php(391): CodeIgniter\Database\MySQLi\Connection->connect(false)
#2 C:\Users\BATUAH.TECH\Documents\PPKS\PPKS-Politala\system\Database\BaseConnection.php(574): CodeIgniter\Database\BaseConnection->initialize()
#3 C:\Users\BATUAH.TECH\Documents\PPKS\PPKS-Politala\system\Database\BaseBuilder.php(1615): CodeIgniter\Database\BaseConnection->query('SELECT *\nFROM `...', Array, false)
#4 C:\Users\BATUAH.TECH\Documents\PPKS\PPKS-Politala\system\Model.php(237): CodeIgniter\Database\BaseBuilder->get()
#5 C:\Users\BATUAH.TECH\Documents\PPKS\PPKS-Politala\system\BaseModel.php(624): CodeIgniter\Model->doFindAll(0, 0)
#6 C:\Users\BATUAH.TECH\Documents\PPKS\PPKS-Politala\app\Controllers\ManajementProfil.php(20): CodeIgniter\BaseModel->findAll()
#7 C:\Users\BATUAH.TECH\Documents\PPKS\PPKS-Politala\system\CodeIgniter.php(919): App\Controllers\ManajementProfil->ManajementProfil()
#8 C:\Users\BATUAH.TECH\Documents\PPKS\PPKS-Politala\system\CodeIgniter.php(494): CodeIgniter\CodeIgniter->runController(Object(App\Controllers\ManajementProfil))
#9 C:\Users\BATUAH.TECH\Documents\PPKS\PPKS-Politala\system\CodeIgniter.php(353): CodeIgniter\CodeIgniter->handleRequest(NULL, Object(Config\Cache), false)
#10 C:\Users\BATUAH.TECH\Documents\PPKS\PPKS-Politala\public\index.php(79): CodeIgniter\CodeIgniter->run()
#11 C:\Users\BATUAH.TECH\Documents\PPKS\PPKS-Politala\system\Commands\Server\rewrite.php(47): require_once('C:\\Users\\BATUAH...')
#12 {main}

Next CodeIgniter\Database\Exceptions\DatabaseException: No connection could be made because the target machine actively refused it in C:\Users\BATUAH.TECH\Documents\PPKS\PPKS-Politala\system\Database\MySQLi\Connection.php:229
Stack trace:
#0 C:\Users\BATUAH.TECH\Documents\PPKS\PPKS-Politala\system\Database\BaseConnection.php(391): CodeIgniter\Database\MySQLi\Connection->connect(false)
#1 C:\Users\BATUAH.TECH\Documents\PPKS\PPKS-Politala\system\Database\BaseConnection.php(574): CodeIgniter\Database\BaseConnection->initialize()
#2 C:\Users\BATUAH.TECH\Documents\PPKS\PPKS-Politala\system\Database\BaseBuilder.php(1615): CodeIgniter\Database\BaseConnection->query('SELECT *\nFROM `...', Array, false)
#3 C:\Users\BATUAH.TECH\Documents\PPKS\PPKS-Politala\system\Model.php(237): CodeIgniter\Database\BaseBuilder->get()
#4 C:\Users\BATUAH.TECH\Documents\PPKS\PPKS-Politala\system\BaseModel.php(624): CodeIgniter\Model->doFindAll(0, 0)
#5 C:\Users\BATUAH.TECH\Documents\PPKS\PPKS-Politala\app\Controllers\ManajementProfil.php(20): CodeIgniter\BaseModel->findAll()
#6 C:\Users\BATUAH.TECH\Documents\PPKS\PPKS-Politala\system\CodeIgniter.php(919): App\Controllers\ManajementProfil->ManajementProfil()
#7 C:\Users\BATUAH.TECH\Documents\PPKS\PPKS-Politala\system\CodeIgniter.php(494): CodeIgniter\CodeIgniter->runController(Object(App\Controllers\ManajementProfil))
#8 C:\Users\BATUAH.TECH\Documents\PPKS\PPKS-Politala\system\CodeIgniter.php(353): CodeIgniter\CodeIgniter->handleRequest(NULL, Object(Config\Cache), false)
#9 C:\Users\BATUAH.TECH\Documents\PPKS\PPKS-Politala\public\index.php(79): CodeIgniter\CodeIgniter->run()
#10 C:\Users\BATUAH.TECH\Documents\PPKS\PPKS-Politala\system\Commands\Server\rewrite.php(47): require_once('C:\\Users\\BATUAH...')
#11 {main}
CRITICAL - 2023-12-12 15:08:44 --> Unable to connect to the database.
Main connection [MySQLi]: No connection could be made because the target machine actively refused it
in SYSTEMPATH\Database\BaseConnection.php on line 427.
 1 SYSTEMPATH\Database\BaseConnection.php(574): CodeIgniter\Database\BaseConnection->initialize()
 2 SYSTEMPATH\Database\BaseBuilder.php(1615): CodeIgniter\Database\BaseConnection->query('SELECT *
FROM `profil`', [], false)
 3 SYSTEMPATH\Model.php(237): CodeIgniter\Database\BaseBuilder->get()
 4 SYSTEMPATH\BaseModel.php(624): CodeIgniter\Model->doFindAll(0, 0)
 5 APPPATH\Controllers\ManajementProfil.php(20): CodeIgniter\BaseModel->findAll()
 6 SYSTEMPATH\CodeIgniter.php(919): App\Controllers\ManajementProfil->ManajementProfil()
 7 SYSTEMPATH\CodeIgniter.php(494): CodeIgniter\CodeIgniter->runController(Object(App\Controllers\ManajementProfil))
 8 SYSTEMPATH\CodeIgniter.php(353): CodeIgniter\CodeIgniter->handleRequest(null, Object(Config\Cache), false)
 9 FCPATH\index.php(79): CodeIgniter\CodeIgniter->run()
10 SYSTEMPATH\Commands\Server\rewrite.php(47): require_once('C:\\Users\\BATUAH.TECH\\Documents\\PPKS\\PPKS-Politala\\public\\index.php')
ERROR - 2023-12-12 15:08:48 --> Error connecting to the database: mysqli_sql_exception: No connection could be made because the target machine actively refused it in C:\Users\BATUAH.TECH\Documents\PPKS\PPKS-Politala\system\Database\MySQLi\Connection.php:185
Stack trace:
#0 C:\Users\BATUAH.TECH\Documents\PPKS\PPKS-Politala\system\Database\MySQLi\Connection.php(185): mysqli->real_connect('localhost', 'root', '', 'ppks', 3306, '', 0)
#1 C:\Users\BATUAH.TECH\Documents\PPKS\PPKS-Politala\system\Database\BaseConnection.php(391): CodeIgniter\Database\MySQLi\Connection->connect(false)
#2 C:\Users\BATUAH.TECH\Documents\PPKS\PPKS-Politala\system\Database\BaseConnection.php(574): CodeIgniter\Database\BaseConnection->initialize()
#3 C:\Users\BATUAH.TECH\Documents\PPKS\PPKS-Politala\system\Database\BaseBuilder.php(1615): CodeIgniter\Database\BaseConnection->query('SELECT *\nFROM `...', Array, false)
#4 C:\Users\BATUAH.TECH\Documents\PPKS\PPKS-Politala\system\Model.php(237): CodeIgniter\Database\BaseBuilder->get()
#5 C:\Users\BATUAH.TECH\Documents\PPKS\PPKS-Politala\system\BaseModel.php(624): CodeIgniter\Model->doFindAll(0, 0)
#6 C:\Users\BATUAH.TECH\Documents\PPKS\PPKS-Politala\app\Controllers\ManajementProfil.php(35): CodeIgniter\BaseModel->findAll()
#7 C:\Users\BATUAH.TECH\Documents\PPKS\PPKS-Politala\system\CodeIgniter.php(919): App\Controllers\ManajementProfil->EditProfil('tujuan')
#8 C:\Users\BATUAH.TECH\Documents\PPKS\PPKS-Politala\system\CodeIgniter.php(494): CodeIgniter\CodeIgniter->runController(Object(App\Controllers\ManajementProfil))
#9 C:\Users\BATUAH.TECH\Documents\PPKS\PPKS-Politala\system\CodeIgniter.php(353): CodeIgniter\CodeIgniter->handleRequest(NULL, Object(Config\Cache), false)
#10 C:\Users\BATUAH.TECH\Documents\PPKS\PPKS-Politala\public\index.php(79): CodeIgniter\CodeIgniter->run()
#11 C:\Users\BATUAH.TECH\Documents\PPKS\PPKS-Politala\system\Commands\Server\rewrite.php(47): require_once('C:\\Users\\BATUAH...')
#12 {main}

Next CodeIgniter\Database\Exceptions\DatabaseException: No connection could be made because the target machine actively refused it in C:\Users\BATUAH.TECH\Documents\PPKS\PPKS-Politala\system\Database\MySQLi\Connection.php:229
Stack trace:
#0 C:\Users\BATUAH.TECH\Documents\PPKS\PPKS-Politala\system\Database\BaseConnection.php(391): CodeIgniter\Database\MySQLi\Connection->connect(false)
#1 C:\Users\BATUAH.TECH\Documents\PPKS\PPKS-Politala\system\Database\BaseConnection.php(574): CodeIgniter\Database\BaseConnection->initialize()
#2 C:\Users\BATUAH.TECH\Documents\PPKS\PPKS-Politala\system\Database\BaseBuilder.php(1615): CodeIgniter\Database\BaseConnection->query('SELECT *\nFROM `...', Array, false)
#3 C:\Users\BATUAH.TECH\Documents\PPKS\PPKS-Politala\system\Model.php(237): CodeIgniter\Database\BaseBuilder->get()
#4 C:\Users\BATUAH.TECH\Documents\PPKS\PPKS-Politala\system\BaseModel.php(624): CodeIgniter\Model->doFindAll(0, 0)
#5 C:\Users\BATUAH.TECH\Documents\PPKS\PPKS-Politala\app\Controllers\ManajementProfil.php(35): CodeIgniter\BaseModel->findAll()
#6 C:\Users\BATUAH.TECH\Documents\PPKS\PPKS-Politala\system\CodeIgniter.php(919): App\Controllers\ManajementProfil->EditProfil('tujuan')
#7 C:\Users\BATUAH.TECH\Documents\PPKS\PPKS-Politala\system\CodeIgniter.php(494): CodeIgniter\CodeIgniter->runController(Object(App\Controllers\ManajementProfil))
#8 C:\Users\BATUAH.TECH\Documents\PPKS\PPKS-Politala\system\CodeIgniter.php(353): CodeIgniter\CodeIgniter->handleRequest(NULL, Object(Config\Cache), false)
#9 C:\Users\BATUAH.TECH\Documents\PPKS\PPKS-Politala\public\index.php(79): CodeIgniter\CodeIgniter->run()
#10 C:\Users\BATUAH.TECH\Documents\PPKS\PPKS-Politala\system\Commands\Server\rewrite.php(47): require_once('C:\\Users\\BATUAH...')
#11 {main}
CRITICAL - 2023-12-12 15:08:48 --> Unable to connect to the database.
Main connection [MySQLi]: No connection could be made because the target machine actively refused it
in SYSTEMPATH\Database\BaseConnection.php on line 427.
 1 SYSTEMPATH\Database\BaseConnection.php(574): CodeIgniter\Database\BaseConnection->initialize()
 2 SYSTEMPATH\Database\BaseBuilder.php(1615): CodeIgniter\Database\BaseConnection->query('SELECT *
FROM `profil`', [], false)
 3 SYSTEMPATH\Model.php(237): CodeIgniter\Database\BaseBuilder->get()
 4 SYSTEMPATH\BaseModel.php(624): CodeIgniter\Model->doFindAll(0, 0)
 5 APPPATH\Controllers\ManajementProfil.php(35): CodeIgniter\BaseModel->findAll()
 6 SYSTEMPATH\CodeIgniter.php(919): App\Controllers\ManajementProfil->EditProfil('tujuan')
 7 SYSTEMPATH\CodeIgniter.php(494): CodeIgniter\CodeIgniter->runController(Object(App\Controllers\ManajementProfil))
 8 SYSTEMPATH\CodeIgniter.php(353): CodeIgniter\CodeIgniter->handleRequest(null, Object(Config\Cache), false)
 9 FCPATH\index.php(79): CodeIgniter\CodeIgniter->run()
10 SYSTEMPATH\Commands\Server\rewrite.php(47): require_once('C:\\Users\\BATUAH.TECH\\Documents\\PPKS\\PPKS-Politala\\public\\index.php')
